\BOOKMARK [0][-]{chapter.1}{Est\351tica}{}% 1
\BOOKMARK [1][-]{section.1.1}{Tipo de documento}{chapter.1}% 2
\BOOKMARK [1][-]{section.1.2}{Gama de colores}{chapter.1}% 3
\BOOKMARK [1][-]{section.1.3}{Colores}{chapter.1}% 4
\BOOKMARK [1][-]{section.1.4}{Uso de los colores}{chapter.1}% 5
\BOOKMARK [0][-]{chapter.2}{Estructura}{}% 6
\BOOKMARK [1][-]{section.2.1}{T\355tulo, autor, tutor y otras variables}{chapter.2}% 7
\BOOKMARK [1][-]{section.2.2}{\315ndices}{chapter.2}% 8
\BOOKMARK [1][-]{section.2.3}{Copyright, dedicatoria y cita inicial}{chapter.2}% 9
\BOOKMARK [1][-]{section.2.4}{Prefacio, resumen ...}{chapter.2}% 10
\BOOKMARK [1][-]{section.2.5}{Partes, cap\355tulos ...}{chapter.2}% 11
\BOOKMARK [1][-]{section.2.6}{Glosario, acr\363nimos y definiciones}{chapter.2}% 12
\BOOKMARK [2][-]{subsection.2.6.1}{Glosario}{section.2.6}% 13
\BOOKMARK [2][-]{subsection.2.6.2}{Acronimos}{section.2.6}% 14
\BOOKMARK [2][-]{subsection.2.6.3}{Definiciones}{section.2.6}% 15
\BOOKMARK [1][-]{section.2.7}{Referencias}{chapter.2}% 16
\BOOKMARK [1][-]{section.2.8}{Bibliograf\355a}{chapter.2}% 17
\BOOKMARK [0][-]{chapter.3}{Primeros pasos}{}% 18
\BOOKMARK [1][-]{section.3.1}{Estructurar el documento}{chapter.3}% 19
\BOOKMARK [2][-]{subsection.3.1.1}{Organizaci\363n de LaTeX2e}{section.3.1}% 20
\BOOKMARK [2][-]{subsection.3.1.2}{Organizaci\363n de la documentaci\363n}{section.3.1}% 21
\BOOKMARK [2][-]{subsection.3.1.3}{Otros elementos de la estructura del documento}{section.3.1}% 22
\BOOKMARK [1][-]{section.3.2}{Enlazar la bibliograf\355a}{chapter.3}% 23
\BOOKMARK [0][-]{chapter.4}{Elementos internos}{}% 24
\BOOKMARK [1][-]{section.4.1}{Figuras}{chapter.4}% 25
\BOOKMARK [2][-]{subsection.4.1.1}{Gr\341ficas}{section.4.1}% 26
\BOOKMARK [2][-]{subsection.4.1.2}{Gr\341ficas con pgfplots}{section.4.1}% 27
\BOOKMARK [2][-]{subsection.4.1.3}{Gr\341ficas con gnuplot}{section.4.1}% 28
\BOOKMARK [2][-]{subsection.4.1.4}{Im\341genes}{section.4.1}% 29
\BOOKMARK [2][-]{subsection.4.1.5}{Diagramas de Gantt}{section.4.1}% 30
\BOOKMARK [1][-]{section.4.2}{Tablas}{chapter.4}% 31
\BOOKMARK [2][-]{subsection.4.2.1}{Presupuestos}{section.4.2}% 32
\BOOKMARK [1][-]{section.4.3}{Cuadros de texto}{chapter.4}% 33
\BOOKMARK [1][-]{section.4.4}{Ecuaciones}{chapter.4}% 34
\BOOKMARK [1][-]{section.4.5}{C\363digo}{chapter.4}% 35
\BOOKMARK [1][-]{section.4.6}{Algoritmos}{chapter.4}% 36
\BOOKMARK [1][-]{section.4.7}{Listas}{chapter.4}% 37
\BOOKMARK [2][-]{subsection.4.7.1}{Listas tradicionales de LaTeX2e}{section.4.7}% 38
\BOOKMARK [2][-]{subsection.4.7.2}{Nuevos tipos de listas}{section.4.7}% 39
\BOOKMARK [1][-]{section.4.8}{Referencias internas e hiperenlaces}{chapter.4}% 40
\BOOKMARK [0][-]{chapter.5}{Compilaci\363n}{}% 41
\BOOKMARK [1][-]{section.5.1}{Pdflatex}{chapter.5}% 42
\BOOKMARK [1][-]{section.5.2}{Arara}{chapter.5}% 43
\BOOKMARK [1][-]{section.5.3}{Overleaf}{chapter.5}% 44
\BOOKMARK [1][-]{section.5.4}{Permitir el uso de la shell al compilador}{chapter.5}% 45
\BOOKMARK [0][-]{chapter*.36}{Bibliography}{}% 46
\BOOKMARK [-1][-]{part.1}{Appendices}{}% 47
\BOOKMARK [0][-]{appendix.Alph1}{Word\256 vs. LaTeX2e}{part.1}% 48
\BOOKMARK [1][-]{section.Alph1.1}{Ventajas e inconvenientes de LaTeX2e}{appendix.Alph1}% 49
\BOOKMARK [1][-]{section.Alph1.2}{Ventajas e inconvenientes de Word\256}{appendix.Alph1}% 50
\BOOKMARK [1][-]{section.Alph1.3}{\277Cu\341l elijo?}{appendix.Alph1}% 51
\BOOKMARK [0][-]{appendix.Alph2}{Instalaci\363n}{part.1}% 52
\BOOKMARK [1][-]{section.Alph2.1}{Linux}{appendix.Alph2}% 53
\BOOKMARK [1][-]{section.Alph2.2}{Windows\222}{appendix.Alph2}% 54
\BOOKMARK [1][-]{section.Alph2.3}{Mac OS X}{appendix.Alph2}% 55
\BOOKMARK [1][-]{section.Alph2.4}{Overleaf o ShareLatex}{appendix.Alph2}% 56
\BOOKMARK [1][-]{section.Alph2.5}{\277D\363nde est\341 el manual?}{appendix.Alph2}% 57
\BOOKMARK [1][-]{section.Alph2.6}{Correcci\363n ortogr\341fica y codificaci\363n de caracteres}{appendix.Alph2}% 58
\BOOKMARK [1][-]{section.Alph2.7}{\277Qu\351 editor utilizo?}{appendix.Alph2}% 59
\BOOKMARK [0][-]{appendix.Alph3}{Packetes incluidos}{part.1}% 60
\BOOKMARK [0][-]{appendix.Alph4}{Resumen de opciones del estilo}{part.1}% 61
\BOOKMARK [0][-]{appendix.Alph5}{Funciones y entornos}{part.1}% 62
\BOOKMARK [1][-]{section.Alph5.1}{Comandos en el pre\341mbulo}{appendix.Alph5}% 63
\BOOKMARK [1][-]{section.Alph5.2}{Commandos en el cuerpo del texto}{appendix.Alph5}% 64
\BOOKMARK [1][-]{section.Alph5.3}{Entornos}{appendix.Alph5}% 65
